========================================
Sway started: Thu Jan  8 07:30:51 PM UTC 2026
========================================
sh: line 1: swayidle: command not found
sh: line 1: /home/elbulbol/.config/waybar/launch.sh: No such file or directory
sh: line 1: mako: command not found
2026-01-08 19:30:51 - [swaybg-1.2.1/main.c:278] Could not find config for output WL-1 ((null))

========================================
Config reload: Thu Jan  8 10:31:03 PM UTC 2026
========================================
[
  {
    "success": true
  }
]
Status: ERRORS FOUND

========================================
Config reload: Thu Jan  8 10:32:54 PM UTC 2026
========================================
Status: OK - Reloaded successfully

========================================
Config reload: Thu Jan  8 10:33:47 PM UTC 2026
========================================
Status: OK - Reloaded successfully

========================================
Config reload: Thu Jan  8 10:33:52 PM UTC 2026
========================================
Status: OK - Reloaded successfully

========================================
Config reload: Thu Jan  8 10:35:53 PM UTC 2026
========================================
Status: OK - Reloaded successfully

========================================
Config reload: Thu Jan  8 10:36:23 PM UTC 2026
========================================
Status: OK - Reloaded successfully

========================================
Config reload: Thu Jan  8 10:39:39 PM UTC 2026
========================================
Status: OK - Reloaded successfully

========================================
Config reload: Thu Jan  8 10:39:46 PM UTC 2026
========================================
Status: OK - Reloaded successfully

========================================
Config reload: Thu Jan  8 10:40:15 PM UTC 2026
========================================
Status: OK - Reloaded successfully

========================================
Sway STARTED: Thu Jan  8 10:40:21 PM UTC 2026
========================================
00:00:00.055 [ERROR] [sway/config.c:848] Error on line 79 'dim_inactive 0.1': cmd_dim cannot be used without a for_window rule (/home/elbulbol/.config/sway/config)
00:00:00.056 [ERROR] [sway/config.c:474] Error(s) loading config!
2026-01-08 22:40:21 - [swaybg-1.2.1/main.c:282] Found config * for output WL-1 ((null))
2026-01-08 22:40:25 - [swaybg-1.2.1/main.c:226] Destroying output WL-1 ((null))
free(): double free detected in tcache 2

========================================
Sway STARTED: Thu Jan  8 10:40:47 PM UTC 2026
========================================
00:00:00.060 [ERROR] [sway/config.c:848] Error on line 79 'dim_inactive 0.1': cmd_dim cannot be used without a for_window rule (/home/elbulbol/.config/sway/config)
00:00:00.061 [ERROR] [sway/config.c:474] Error(s) loading config!
2026-01-08 22:40:47 - [swaybg-1.2.1/main.c:282] Found config * for output WL-1 ((null))
2026-01-08 22:40:50 - [swaybg-1.2.1/main.c:226] Destroying output WL-1 ((null))
free(): double free detected in tcache 2

========================================
Config reload: Thu Jan  8 10:43:49 PM UTC 2026
========================================
Status: OK - Reloaded successfully

========================================
Config reload: Thu Jan  8 10:47:22 PM UTC 2026
========================================
Status: OK - Reloaded successfully

========================================
Config reload: Thu Jan  8 10:47:35 PM UTC 2026
========================================
Status: OK - Reloaded successfully

========================================
Config reload: Thu Jan  8 10:53:58 PM UTC 2026
========================================
Status: OK - Reloaded successfully

========================================
Config reload: Thu Jan  8 10:54:00 PM UTC 2026
========================================
Status: OK - Reloaded successfully

========================================
Config reload: Thu Jan  8 11:14:13 PM UTC 2026
========================================
Status: OK - Reloaded successfully

========================================
Config reload: Thu Jan  8 11:20:13 PM UTC 2026
========================================
Status: OK - Reloaded successfully

========================================
Config reload: Thu Jan  8 11:21:56 PM UTC 2026
========================================
Status: OK - Reloaded successfully

========================================
Config reload: Thu Jan  8 11:22:32 PM UTC 2026
========================================
Status: OK - Reloaded successfully

========================================
Config reload: Thu Jan  8 11:23:27 PM UTC 2026
========================================
Status: OK - Reloaded successfully

========================================
Config reload: Thu Jan  8 11:27:53 PM UTC 2026
========================================
Status: OK - Reloaded successfully

========================================
Config reload: Thu Jan  8 11:30:20 PM UTC 2026
========================================
Status: OK - Reloaded successfully

========================================
Config reload: Thu Jan  8 11:30:38 PM UTC 2026
========================================
Status: OK - Reloaded successfully

========================================
Config reload: Thu Jan  8 11:30:53 PM UTC 2026
========================================
Status: OK - Reloaded successfully

========================================
Config reload: Thu Jan  8 11:31:14 PM UTC 2026
========================================
Status: OK - Reloaded successfully

========================================
Config reload: Thu Jan  8 11:31:27 PM UTC 2026
========================================
Status: OK - Reloaded successfully

========================================
Config reload: Thu Jan  8 11:31:38 PM UTC 2026
========================================
Status: OK - Reloaded successfully

========================================
Config reload: Thu Jan  8 11:32:39 PM UTC 2026
========================================
Status: OK - Reloaded successfully

========================================
Config reload: Thu Jan  8 11:34:37 PM UTC 2026
========================================
Status: OK - Reloaded successfully

========================================
Config reload: Thu Jan  8 11:38:15 PM UTC 2026
========================================
Status: OK - Reloaded successfully

========================================
Config reload: Thu Jan  8 11:38:22 PM UTC 2026
========================================
Status: OK - Reloaded successfully

========================================
Config reload: Thu Jan  8 11:39:21 PM UTC 2026
========================================
Status: OK - Reloaded successfully

========================================
Config reload: Thu Jan  8 11:40:19 PM UTC 2026
========================================
Status: OK - Reloaded successfully

========================================
Config reload: Thu Jan  8 11:41:56 PM UTC 2026
========================================
Status: OK - Reloaded successfully

========================================
Config reload: Thu Jan  8 11:41:58 PM UTC 2026
========================================
Status: OK - Reloaded successfully

========================================
Config reload: Thu Jan  8 11:44:02 PM UTC 2026
========================================
Status: OK - Reloaded successfully

========================================
Config reload: Thu Jan  8 11:44:39 PM UTC 2026
========================================
Status: OK - Reloaded successfully

========================================
Config reload: Thu Jan  8 11:45:03 PM UTC 2026
========================================
Status: OK - Reloaded successfully

========================================
Config reload: Thu Jan  8 11:45:47 PM UTC 2026
========================================
Status: OK - Reloaded successfully

========================================
Config reload: Thu Jan  8 11:46:31 PM UTC 2026
========================================
Status: OK - Reloaded successfully

========================================
Config reload: Thu Jan  8 11:46:49 PM UTC 2026
========================================
Status: OK - Reloaded successfully

========================================
Config reload: Thu Jan  8 11:46:56 PM UTC 2026
========================================
Status: OK - Reloaded successfully

========================================
Config reload: Thu Jan  8 11:47:11 PM UTC 2026
========================================
Status: OK - Reloaded successfully

========================================
Config reload: Thu Jan  8 11:47:24 PM UTC 2026
========================================
Status: OK - Reloaded successfully

========================================
Config reload: Thu Jan  8 11:47:29 PM UTC 2026
========================================
Status: OK - Reloaded successfully

========================================
Config reload: Thu Jan  8 11:47:39 PM UTC 2026
========================================
Status: OK - Reloaded successfully

========================================
Config reload: Thu Jan  8 11:47:41 PM UTC 2026
========================================
Status: OK - Reloaded successfully

========================================
Config reload: Thu Jan  8 11:48:54 PM UTC 2026
========================================
Status: OK - Reloaded successfully

========================================
Config reload: Thu Jan  8 11:49:04 PM UTC 2026
========================================
Status: OK - Reloaded successfully

========================================
Config reload: Thu Jan  8 11:49:18 PM UTC 2026
========================================
Status: OK - Reloaded successfully

========================================
Config reload: Thu Jan  8 11:49:31 PM UTC 2026
========================================
Status: OK - Reloaded successfully

========================================
Config reload: Thu Jan  8 11:49:49 PM UTC 2026
========================================
Status: OK - Reloaded successfully

========================================
Config reload: Thu Jan  8 11:49:51 PM UTC 2026
========================================
Status: OK - Reloaded successfully

========================================
Config reload: Thu Jan  8 11:50:07 PM UTC 2026
========================================
Status: OK - Reloaded successfully

========================================
Config reload: Thu Jan  8 11:51:12 PM UTC 2026
========================================
Status: OK - Reloaded successfully

========================================
Config reload: Thu Jan  8 11:51:28 PM UTC 2026
========================================
Status: OK - Reloaded successfully

========================================
Config reload: Thu Jan  8 11:51:43 PM UTC 2026
========================================
Status: OK - Reloaded successfully

========================================
Config reload: Thu Jan  8 11:52:24 PM UTC 2026
========================================
Status: OK - Reloaded successfully

========================================
Config reload: Thu Jan  8 11:52:44 PM UTC 2026
========================================
Status: OK - Reloaded successfully

========================================
Config reload: Thu Jan  8 11:53:12 PM UTC 2026
========================================
Status: OK - Reloaded successfully

========================================
Config reload: Thu Jan  8 11:53:47 PM UTC 2026
========================================
Status: OK - Reloaded successfully

========================================
Config reload: Thu Jan  8 11:54:11 PM UTC 2026
========================================
Status: OK - Reloaded successfully

========================================
Config reload: Thu Jan  8 11:55:13 PM UTC 2026
========================================
Status: OK - Reloaded successfully

========================================
Config reload: Thu Jan  8 11:55:21 PM UTC 2026
========================================
Status: OK - Reloaded successfully

========================================
Config reload: Thu Jan  8 11:55:29 PM UTC 2026
========================================
Status: OK - Reloaded successfully

========================================
Config reload: Thu Jan  8 11:55:45 PM UTC 2026
========================================
Status: OK - Reloaded successfully

========================================
Config reload: Thu Jan  8 11:55:59 PM UTC 2026
========================================
Status: OK - Reloaded successfully

========================================
Config reload: Thu Jan  8 11:56:14 PM UTC 2026
========================================
Status: OK - Reloaded successfully

========================================
Config reload: Thu Jan  8 11:56:34 PM UTC 2026
========================================
Status: OK - Reloaded successfully

========================================
Config reload: Thu Jan  8 11:56:48 PM UTC 2026
========================================
Status: OK - Reloaded successfully

========================================
Config reload: Thu Jan  8 11:56:52 PM UTC 2026
========================================
Status: OK - Reloaded successfully

========================================
Config reload: Thu Jan  8 11:57:10 PM UTC 2026
========================================
Status: OK - Reloaded successfully

========================================
Config reload: Thu Jan  8 11:57:39 PM UTC 2026
========================================
Status: OK - Reloaded successfully

========================================
Config reload: Thu Jan  8 11:57:45 PM UTC 2026
========================================
Status: OK - Reloaded successfully

========================================
Config reload: Fri Jan  9 12:01:07 AM UTC 2026
========================================
Status: OK - Reloaded successfully

========================================
Config reload: Fri Jan  9 12:01:37 AM UTC 2026
========================================
Status: OK - Reloaded successfully

========================================
Config reload: Fri Jan  9 12:02:17 AM UTC 2026
========================================
Status: OK - Reloaded successfully

========================================
Config reload: Fri Jan  9 12:02:37 AM UTC 2026
========================================
Status: OK - Reloaded successfully

========================================
Config reload: Fri Jan  9 12:03:10 AM UTC 2026
========================================
Status: OK - Reloaded successfully

========================================
Config reload: Fri Jan  9 12:03:27 AM UTC 2026
========================================
Status: OK - Reloaded successfully

========================================
Config reload: Fri Jan  9 12:03:36 AM UTC 2026
========================================
Status: OK - Reloaded successfully

========================================
Config reload: Fri Jan  9 12:03:45 AM UTC 2026
========================================
Status: OK - Reloaded successfully

========================================
Config reload: Fri Jan  9 12:09:52 AM UTC 2026
========================================
Status: OK - Reloaded successfully

========================================
Config reload: Fri Jan  9 12:13:15 AM UTC 2026
========================================
Status: OK - Reloaded successfully

========================================
Config reload: Fri Jan  9 12:13:24 AM UTC 2026
========================================
Status: OK - Reloaded successfully

========================================
Config reload: Fri Jan  9 12:13:53 AM UTC 2026
========================================
Status: OK - Reloaded successfully

========================================
Config reload: Fri Jan  9 12:15:15 AM UTC 2026
========================================
Status: OK - Reloaded successfully

========================================
Config reload: Fri Jan  9 12:16:09 AM UTC 2026
========================================
Status: OK - Reloaded successfully

========================================
Config reload: Fri Jan  9 12:17:16 AM UTC 2026
========================================
Status: OK - Reloaded successfully

========================================
Config reload: Fri Jan  9 12:18:46 AM UTC 2026
========================================
Status: OK - Reloaded successfully

========================================
Config reload: Fri Jan  9 12:19:08 AM UTC 2026
========================================
Status: OK - Reloaded successfully

========================================
Config reload: Fri Jan  9 12:21:53 AM UTC 2026
========================================
Status: OK - Reloaded successfully

========================================
Config reload: Fri Jan  9 12:23:05 AM UTC 2026
========================================
Status: OK - Reloaded successfully

========================================
Config reload: Fri Jan  9 12:24:20 AM UTC 2026
========================================
Status: OK - Reloaded successfully

========================================
Config reload: Fri Jan  9 12:24:49 AM UTC 2026
========================================
Status: OK - Reloaded successfully

========================================
Config reload: Fri Jan  9 12:25:12 AM UTC 2026
========================================
Status: OK - Reloaded successfully

========================================
Config reload: Fri Jan  9 12:26:55 AM UTC 2026
========================================
Status: OK - Reloaded successfully

========================================
Config reload: Fri Jan  9 12:28:51 AM UTC 2026
========================================
Status: OK - Reloaded successfully

========================================
Config reload: Fri Jan  9 12:29:27 AM UTC 2026
========================================
Status: OK - Reloaded successfully

========================================
Config reload: Fri Jan  9 12:29:54 AM UTC 2026
========================================
Status: OK - Reloaded successfully

========================================
Config reload: Fri Jan  9 12:30:04 AM UTC 2026
========================================
Status: OK - Reloaded successfully

========================================
Config reload: Fri Jan  9 12:30:15 AM UTC 2026
========================================
Status: OK - Reloaded successfully

========================================
Config reload: Fri Jan  9 12:30:25 AM UTC 2026
========================================
Status: OK - Reloaded successfully

========================================
Config reload: Fri Jan  9 12:30:37 AM UTC 2026
========================================
Status: OK - Reloaded successfully

========================================
Config reload: Fri Jan  9 12:30:56 AM UTC 2026
========================================
Status: OK - Reloaded successfully

========================================
Config reload: Fri Jan  9 12:31:07 AM UTC 2026
========================================
Status: OK - Reloaded successfully

========================================
Config reload: Fri Jan  9 12:31:18 AM UTC 2026
========================================
Status: OK - Reloaded successfully

========================================
Config reload: Fri Jan  9 12:31:26 AM UTC 2026
========================================
Status: OK - Reloaded successfully

========================================
Config reload: Fri Jan  9 12:31:37 AM UTC 2026
========================================
Status: OK - Reloaded successfully

========================================
Config reload: Fri Jan  9 12:31:53 AM UTC 2026
========================================
Status: OK - Reloaded successfully

========================================
Config reload: Fri Jan  9 12:32:01 AM UTC 2026
========================================
Status: OK - Reloaded successfully

========================================
Config reload: Fri Jan  9 12:32:32 AM UTC 2026
========================================
Status: OK - Reloaded successfully

========================================
Config reload: Fri Jan  9 12:32:55 AM UTC 2026
========================================
Status: OK - Reloaded successfully

========================================
Config reload: Fri Jan  9 12:33:04 AM UTC 2026
========================================
Status: OK - Reloaded successfully

========================================
Config reload: Fri Jan  9 12:33:13 AM UTC 2026
========================================
Status: OK - Reloaded successfully

========================================
Config reload: Fri Jan  9 12:34:51 AM UTC 2026
========================================
Status: OK - Reloaded successfully

========================================
Config reload: Fri Jan  9 12:34:59 AM UTC 2026
========================================
Status: OK - Reloaded successfully

========================================
Config reload: Fri Jan  9 12:35:13 AM UTC 2026
========================================
Status: OK - Reloaded successfully

========================================
Config reload: Fri Jan  9 12:35:23 AM UTC 2026
========================================
Status: OK - Reloaded successfully

========================================
Config reload: Fri Jan  9 12:36:03 AM UTC 2026
========================================
Status: OK - Reloaded successfully

========================================
Config reload: Fri Jan  9 12:36:14 AM UTC 2026
========================================
Status: OK - Reloaded successfully

========================================
Config reload: Fri Jan  9 12:36:22 AM UTC 2026
========================================
Status: OK - Reloaded successfully

========================================
Config reload: Fri Jan  9 12:36:37 AM UTC 2026
========================================
Status: OK - Reloaded successfully

========================================
Config reload: Fri Jan  9 12:37:40 AM UTC 2026
========================================
Status: OK - Reloaded successfully

========================================
Config reload: Fri Jan  9 12:37:46 AM UTC 2026
========================================
Status: OK - Reloaded successfully

========================================
Config reload: Fri Jan  9 12:38:12 AM UTC 2026
========================================
Status: OK - Reloaded successfully

========================================
Config reload: Fri Jan  9 12:38:21 AM UTC 2026
========================================
Status: OK - Reloaded successfully

========================================
Config reload: Fri Jan  9 12:39:53 AM UTC 2026
========================================
Status: OK - Reloaded successfully

========================================
Config reload: Fri Jan  9 12:41:31 AM UTC 2026
========================================
Status: OK - Reloaded successfully

========================================
Config reload: Fri Jan  9 12:43:16 AM UTC 2026
========================================
Status: OK - Reloaded successfully

========================================
Config reload: Fri Jan  9 12:43:30 AM UTC 2026
========================================
Status: OK - Reloaded successfully

========================================
Config reload: Fri Jan  9 12:43:45 AM UTC 2026
========================================
Status: OK - Reloaded successfully

========================================
Config reload: Fri Jan  9 12:43:57 AM UTC 2026
========================================
Status: OK - Reloaded successfully

========================================
Config reload: Fri Jan  9 12:44:06 AM UTC 2026
========================================
Status: OK - Reloaded successfully

========================================
Config reload: Fri Jan  9 12:44:14 AM UTC 2026
========================================
Status: OK - Reloaded successfully

========================================
Config reload: Fri Jan  9 12:47:32 AM UTC 2026
========================================
Status: OK - Reloaded successfully

========================================
Config reload: Fri Jan  9 12:49:25 AM UTC 2026
========================================
Status: OK - Reloaded successfully
