2026-01-08 19:12:39.785 [info] [main] Log level: Info
2026-01-08 19:12:39.785 [info] [main] Validating found git in: "git"
2026-01-08 19:12:39.785 [info] [main] Using git "2.52.0" from "git"
2026-01-08 19:12:39.785 [info] [Model][doInitialScan] Initial repository scan started
2026-01-08 19:12:39.785 [info] > git rev-parse --show-toplevel [5ms]
2026-01-08 19:12:39.785 [info] fatal: not a git repository (or any of the parent directories): .git
2026-01-08 19:12:39.785 [info] > git rev-parse --show-toplevel [1ms]
2026-01-08 19:12:39.785 [info] fatal: not a git repository (or any of the parent directories): .git
2026-01-08 19:12:39.785 [info] > git rev-parse --show-toplevel [0ms]
2026-01-08 19:12:39.785 [info] fatal: not a git repository (or any of the parent directories): .git
2026-01-08 19:12:39.785 [info] > git rev-parse --show-toplevel [1ms]
2026-01-08 19:12:39.785 [info] fatal: not a git repository (or any of the parent directories): .git
2026-01-08 19:12:39.785 [info] > git rev-parse --show-toplevel [1ms]
2026-01-08 19:12:39.785 [info] fatal: not a git repository (or any of the parent directories): .git
2026-01-08 19:12:39.785 [info] > git rev-parse --show-toplevel [0ms]
2026-01-08 19:12:39.785 [info] fatal: not a git repository (or any of the parent directories): .git
2026-01-08 19:12:39.785 [info] > git rev-parse --show-toplevel [1ms]
2026-01-08 19:12:39.785 [info] fatal: not a git repository (or any of the parent directories): .git
2026-01-08 19:12:39.785 [info] > git rev-parse --show-toplevel [15ms]
2026-01-08 19:12:39.785 [info] fatal: not a git repository (or any of the parent directories): .git
2026-01-08 19:12:39.785 [info] > git rev-parse --show-toplevel [2ms]
2026-01-08 19:12:39.785 [info] fatal: not a git repository (or any of the parent directories): .git
2026-01-08 19:12:39.785 [info] > git rev-parse --show-toplevel [1ms]
2026-01-08 19:12:39.785 [info] fatal: not a git repository (or any of the parent directories): .git
2026-01-08 19:12:39.786 [info] > git rev-parse --show-toplevel [1ms]
2026-01-08 19:12:39.786 [info] fatal: not a git repository (or any of the parent directories): .git
2026-01-08 19:12:39.788 [info] [Model][doInitialScan] Initial repository scan completed - repositories (0), closed repositories (0), parent repositories (0), unsafe repositories (0)
2026-01-08 19:12:41.805 [info] > git rev-parse --show-toplevel [1ms]
2026-01-08 19:12:41.805 [info] fatal: not a git repository (or any of the parent directories): .git
2026-01-08 19:13:55.912 [info] > git rev-parse --show-toplevel [0ms]
2026-01-08 19:13:55.912 [info] fatal: not a git repository (or any of the parent directories): .git
2026-01-08 19:13:56.112 [info] > git rev-parse --show-toplevel [1ms]
2026-01-08 19:13:56.112 [info] fatal: not a git repository (or any of the parent directories): .git
2026-01-08 19:13:56.124 [info] > git rev-parse --show-toplevel [1ms]
2026-01-08 19:13:56.124 [info] fatal: not a git repository (or any of the parent directories): .git
2026-01-08 19:14:34.685 [info] > git rev-parse --show-toplevel [2ms]
2026-01-08 19:14:34.685 [info] fatal: not a git repository (or any of the parent directories): .git
2026-01-08 19:14:34.797 [info] > git rev-parse --show-toplevel [0ms]
2026-01-08 19:14:34.797 [info] fatal: not a git repository (or any of the parent directories): .git
2026-01-08 19:14:36.233 [info] > git rev-parse --show-toplevel [182ms]
2026-01-08 19:14:36.233 [info] fatal: not a git repository (or any of the parent directories): .git
2026-01-08 19:14:36.466 [info] > git rev-parse --show-toplevel [2ms]
2026-01-08 19:14:36.466 [info] fatal: not a git repository (or any of the parent directories): .git
2026-01-08 19:14:38.413 [info] > git rev-parse --show-toplevel [2ms]
2026-01-08 19:14:38.413 [info] fatal: not a git repository (or any of the parent directories): .git
2026-01-08 19:24:57.854 [info] > git rev-parse --show-toplevel [1ms]
2026-01-08 19:24:57.854 [info] fatal: not a git repository (or any of the parent directories): .git
2026-01-08 19:24:58.258 [info] > git rev-parse --show-toplevel [2ms]
2026-01-08 19:24:58.258 [info] fatal: not a git repository (or any of the parent directories): .git
2026-01-08 19:36:39.532 [info] > git rev-parse --show-toplevel [1ms]
2026-01-08 19:36:39.532 [info] fatal: not a git repository (or any of the parent directories): .git
2026-01-08 19:36:41.888 [info] > git rev-parse --show-toplevel [1ms]
2026-01-08 19:36:41.888 [info] fatal: not a git repository (or any of the parent directories): .git
2026-01-08 19:36:41.895 [info] > git rev-parse --show-toplevel [1ms]
2026-01-08 19:36:41.895 [info] fatal: not a git repository (or any of the parent directories): .git
2026-01-08 19:36:50.440 [info] > git rev-parse --show-toplevel [1ms]
2026-01-08 19:36:50.440 [info] fatal: not a git repository (or any of the parent directories): .git
2026-01-08 19:36:50.445 [info] > git rev-parse --show-toplevel [1ms]
2026-01-08 19:36:50.445 [info] fatal: not a git repository (or any of the parent directories): .git
2026-01-08 19:37:31.049 [info] > git rev-parse --show-toplevel [1ms]
2026-01-08 19:37:31.049 [info] fatal: not a git repository (or any of the parent directories): .git
2026-01-08 19:37:31.055 [info] > git rev-parse --show-toplevel [2ms]
2026-01-08 19:37:31.056 [info] fatal: not a git repository (or any of the parent directories): .git
2026-01-08 19:37:52.531 [info] > git rev-parse --show-toplevel [1ms]
2026-01-08 19:37:52.531 [info] fatal: not a git repository (or any of the parent directories): .git
2026-01-08 19:43:08.202 [info] > git rev-parse --show-toplevel [2ms]
2026-01-08 19:43:08.203 [info] fatal: not a git repository (or any of the parent directories): .git
2026-01-08 19:43:10.524 [info] > git rev-parse --show-toplevel [1ms]
2026-01-08 19:43:10.524 [info] fatal: not a git repository (or any of the parent directories): .git
2026-01-08 19:43:15.203 [info] > git rev-parse --show-toplevel [1ms]
2026-01-08 19:43:15.203 [info] fatal: not a git repository (or any of the parent directories): .git
2026-01-08 19:43:16.607 [info] > git rev-parse --show-toplevel [2ms]
2026-01-08 19:43:16.607 [info] fatal: not a git repository (or any of the parent directories): .git
2026-01-08 19:43:20.422 [info] > git rev-parse --show-toplevel [1ms]
2026-01-08 19:43:20.422 [info] fatal: not a git repository (or any of the parent directories): .git
2026-01-08 19:43:23.241 [info] > git rev-parse --show-toplevel [1ms]
2026-01-08 19:43:23.241 [info] fatal: not a git repository (or any of the parent directories): .git
2026-01-08 19:44:23.372 [info] > git rev-parse --show-toplevel [1ms]
2026-01-08 19:44:23.372 [info] fatal: not a git repository (or any of the parent directories): .git
2026-01-08 19:44:31.449 [info] > git rev-parse --show-toplevel [1ms]
2026-01-08 19:44:31.449 [info] fatal: not a git repository (or any of the parent directories): .git
2026-01-08 19:46:46.512 [info] > git rev-parse --show-toplevel [1ms]
2026-01-08 19:46:46.512 [info] fatal: not a git repository (or any of the parent directories): .git
2026-01-08 19:46:59.573 [info] > git rev-parse --show-toplevel [1ms]
2026-01-08 19:46:59.573 [info] fatal: not a git repository (or any of the parent directories): .git
2026-01-08 19:47:00.073 [info] > git rev-parse --show-toplevel [1ms]
2026-01-08 19:47:00.073 [info] fatal: not a git repository (or any of the parent directories): .git
2026-01-08 19:48:47.946 [info] > git rev-parse --show-toplevel [1ms]
2026-01-08 19:48:47.946 [info] fatal: not a git repository (or any of the parent directories): .git
2026-01-08 19:48:47.951 [info] > git rev-parse --show-toplevel [1ms]
2026-01-08 19:48:47.951 [info] fatal: not a git repository (or any of the parent directories): .git
2026-01-08 19:49:16.090 [info] > git rev-parse --show-toplevel [1ms]
2026-01-08 19:49:16.090 [info] fatal: not a git repository (or any of the parent directories): .git
2026-01-08 19:50:12.654 [info] > git rev-parse --show-toplevel [0ms]
2026-01-08 19:50:12.655 [info] fatal: not a git repository (or any of the parent directories): .git
2026-01-08 19:51:49.420 [info] > git rev-parse --show-toplevel [1ms]
2026-01-08 19:51:49.420 [info] fatal: not a git repository (or any of the parent directories): .git
