2026-01-08 02:18:55.110 [info] Reading sessions from keychain...
2026-01-08 02:18:55.110 [info] Getting sessions for all scopes...
2026-01-08 02:18:55.121 [info] Got 0 sessions for ...
2026-01-08 02:18:55.122 [info] Getting sessions for all scopes...
2026-01-08 02:18:55.122 [info] Got 0 sessions for ...
2026-01-08 02:18:55.122 [info] Getting sessions for all scopes...
2026-01-08 02:18:55.122 [info] Got 0 sessions for ...
2026-01-08 02:18:55.122 [info] Getting sessions for all scopes...
2026-01-08 02:18:55.122 [info] Got 0 sessions for ...
2026-01-08 02:18:55.122 [info] Getting sessions for all scopes...
2026-01-08 02:18:55.122 [info] Got 0 sessions for ...
2026-01-08 02:18:55.122 [info] Getting sessions for all scopes...
2026-01-08 02:18:55.122 [info] Got 0 sessions for ...
2026-01-08 02:18:55.122 [info] Getting sessions for all scopes...
2026-01-08 02:18:55.122 [info] Got 0 sessions for ...
2026-01-08 02:18:55.152 [info] Getting sessions for all scopes...
2026-01-08 02:18:55.152 [info] Got 0 sessions for ...
2026-01-08 02:18:55.152 [info] Getting sessions for all scopes...
2026-01-08 02:18:55.152 [info] Got 0 sessions for ...
2026-01-08 02:18:55.152 [info] Getting sessions for all scopes...
2026-01-08 02:18:55.152 [info] Got 0 sessions for ...
2026-01-08 02:18:55.153 [info] Getting sessions for all scopes...
2026-01-08 02:18:55.153 [info] Got 0 sessions for ...
2026-01-08 02:18:55.153 [info] Getting sessions for all scopes...
2026-01-08 02:18:55.153 [info] Got 0 sessions for ...
2026-01-08 02:18:55.153 [info] Getting sessions for all scopes...
2026-01-08 02:18:55.153 [info] Got 0 sessions for ...
2026-01-08 02:18:55.305 [info] Getting sessions for all scopes...
2026-01-08 02:18:55.305 [info] Got 0 sessions for ...
2026-01-08 02:18:55.335 [info] Getting sessions for all scopes...
2026-01-08 02:18:55.335 [info] Got 0 sessions for ...
2026-01-08 02:18:57.046 [info] Getting sessions for all scopes...
2026-01-08 02:18:57.046 [info] Got 0 sessions for ...
2026-01-08 02:19:53.852 [info] Getting sessions for user:email...
2026-01-08 02:19:53.852 [info] Got 0 sessions for user:email...
2026-01-08 02:19:56.048 [info] Logging in with 'any' account...
2026-01-08 02:19:56.048 [info] Logging in for the following scopes: user:email
2026-01-08 02:19:56.051 [info] Trying with local server... (user:email)
2026-01-08 02:24:56.055 [error] Timed out
