2026-01-08 19:25:05.048 [info] RunInTerminalTool#CommandLineFileWriteAnalyzer: File writes detected [[]]
2026-01-08 19:25:05.049 [info] RunInTerminalTool#CommandLineAutoApproveAnalyzer: Parsed sub-commands via bash grammar [["ls -l /usr/share/X11/xkb/symbols/ar","echo \"MISSING: /usr/share/X11/xkb/symbols/ar\"","echo '--- pacman -Qs xkeyboard-config ---'","pacman -Qs xkeyboard-config","true","echo '--- pacman -Qi xkeyboard-config ---'","pacman -Qi xkeyboard-config","true","echo '--- localectl status ---'","localectl status","true","echo '--- XKB_CONFIG_ROOT env ---'","printf \"%s\\n\" \"$XKB_CONFIG_ROOT\""]]
2026-01-08 19:25:05.050 [info] RunInTerminalTool#CommandLineAutoApproveAnalyzer: All sub-commands NOT auto-approved [null]
2026-01-08 19:25:05.050 [info] RunInTerminalTool#CommandLineAutoApproveAnalyzer: Command line NOT auto-approved [null]
2026-01-08 19:25:05.050 [info] RunInTerminalTool#CommandLineAutoApproveAnalyzer: - Command 'ls -l /usr/share/X11/xkb/symbols/ar' is approved by allow list rule: ls [null]
2026-01-08 19:25:05.050 [info] RunInTerminalTool#CommandLineAutoApproveAnalyzer: - Command 'echo "MISSING: /usr/share/X11/xkb/symbols/ar"' is approved by allow list rule: echo [null]
2026-01-08 19:25:05.050 [info] RunInTerminalTool#CommandLineAutoApproveAnalyzer: - Command 'echo '--- pacman -Qs xkeyboard-config ---'' is approved by allow list rule: echo [null]
2026-01-08 19:25:05.051 [info] RunInTerminalTool#CommandLineAutoApproveAnalyzer: - Command 'pacman -Qs xkeyboard-config' has no matching auto approve entries [null]
2026-01-08 19:25:05.051 [info] RunInTerminalTool#CommandLineAutoApproveAnalyzer: - Command 'true' has no matching auto approve entries [null]
2026-01-08 19:25:05.051 [info] RunInTerminalTool#CommandLineAutoApproveAnalyzer: - Command 'echo '--- pacman -Qi xkeyboard-config ---'' is approved by allow list rule: echo [null]
2026-01-08 19:25:05.051 [info] RunInTerminalTool#CommandLineAutoApproveAnalyzer: - Command 'pacman -Qi xkeyboard-config' has no matching auto approve entries [null]
2026-01-08 19:25:05.051 [info] RunInTerminalTool#CommandLineAutoApproveAnalyzer: - Command 'true' has no matching auto approve entries [null]
2026-01-08 19:25:05.051 [info] RunInTerminalTool#CommandLineAutoApproveAnalyzer: - Command 'echo '--- localectl status ---'' is approved by allow list rule: echo [null]
2026-01-08 19:25:05.051 [info] RunInTerminalTool#CommandLineAutoApproveAnalyzer: - Command 'localectl status' has no matching auto approve entries [null]
2026-01-08 19:25:05.051 [info] RunInTerminalTool#CommandLineAutoApproveAnalyzer: - Command 'true' has no matching auto approve entries [null]
2026-01-08 19:25:05.051 [info] RunInTerminalTool#CommandLineAutoApproveAnalyzer: - Command 'echo '--- XKB_CONFIG_ROOT env ---'' is approved by allow list rule: echo [null]
2026-01-08 19:25:05.051 [info] RunInTerminalTool#CommandLineAutoApproveAnalyzer: - Command 'printf "%s\n" "$XKB_CONFIG_ROOT"' has no matching auto approve entries [null]
2026-01-08 19:25:05.051 [info] RunInTerminalTool#CommandLineAutoApproveAnalyzer: - Command line 'ls -l /usr/share/X11/xkb/symbols/ar || echo "MISSING: /usr/share/X11/xkb/symbols/ar"
echo '--- pacman -Qs xkeyboard-config ---'
pacman -Qs xkeyboard-config || true
echo '--- pacman -Qi xkeyboard-config ---'
pacman -Qi xkeyboard-config || true
echo '--- localectl status ---'
localectl status || true
echo '--- XKB_CONFIG_ROOT env ---'
printf "%s\n" "$XKB_CONFIG_ROOT"' has no matching auto approve entries [null]
2026-01-08 19:25:08.056 [info] ToolTerminalCreator#createTerminal: Waiting 4999ms for shell integration []
2026-01-08 19:25:08.068 [info] ToolTerminalCreator#_waitForShellIntegration: Rich SI available eventually []
2026-01-08 19:25:08.068 [info] ToolTerminalCreator#_waitForShellIntegration: Promise complete, disposing store []
2026-01-08 19:25:08.068 [info] ToolTerminalCreator#createTerminal: Waiting up to 2s for PromptInputModel state to change []
2026-01-08 19:30:14.640 [info] RunInTerminalTool#CommandLineFileWriteAnalyzer: File writes detected [[]]
2026-01-08 19:30:14.640 [info] RunInTerminalTool#CommandLineAutoApproveAnalyzer: Parsed sub-commands via bash grammar [["chmod +x /home/elbulbol/.config/sway/sway-start.sh"]]
2026-01-08 19:30:14.640 [info] RunInTerminalTool#CommandLineAutoApproveAnalyzer: Sub-command DENIED auto approval [null]
2026-01-08 19:30:14.640 [info] RunInTerminalTool#CommandLineAutoApproveAnalyzer: - Command 'chmod +x /home/elbulbol/.config/sway/sway-start.sh' is denied by deny list rule: chmod [null]
2026-01-08 19:30:14.640 [info] RunInTerminalTool#CommandLineAutoApproveAnalyzer: - Command line 'chmod +x /home/elbulbol/.config/sway/sway-start.sh' has no matching auto approve entries [null]
