2026-01-08 02:18:54.750 [error] Error: Unable to read file '/home/elbulbol/.vscode/extensions/dart-code.dart-code-3.126.0/package.json' (Error: Unable to resolve nonexistent file '/home/elbulbol/.vscode/extensions/dart-code.dart-code-3.126.0/package.json')
    at Kh.G (file:///opt/visual-studio-code/resources/app/out/vs/code/electron-utility/sharedProcess/sharedProcessMain.js:74:90033)
    at Kh.F (file:///opt/visual-studio-code/resources/app/out/vs/code/electron-utility/sharedProcess/sharedProcessMain.js:74:89858)
    at async Kh.C (file:///opt/visual-studio-code/resources/app/out/vs/code/electron-utility/sharedProcess/sharedProcessMain.js:74:89230)
    at async $a.t (file:///opt/visual-studio-code/resources/app/out/vs/code/electron-utility/sharedProcess/sharedProcessMain.js:74:46040)
    at async $a.scanExtension (file:///opt/visual-studio-code/resources/app/out/vs/code/electron-utility/sharedProcess/sharedProcessMain.js:74:44547)
    at async Promise.all (index 1)
    at async $a.q (file:///opt/visual-studio-code/resources/app/out/vs/code/electron-utility/sharedProcess/sharedProcessMain.js:74:42973)
    at async yf.scanAllUserExtensions (file:///opt/visual-studio-code/resources/app/out/vs/code/electron-utility/sharedProcess/sharedProcessMain.js:74:35833)
    at async Wh.I (file:///opt/visual-studio-code/resources/app/out/vs/code/electron-utility/sharedProcess/sharedProcessMain.js:74:76480)
    at async Wh.cleanUp (file:///opt/visual-studio-code/resources/app/out/vs/code/electron-utility/sharedProcess/sharedProcessMain.js:74:69332)
    at async Bh.cleanUp (file:///opt/visual-studio-code/resources/app/out/vs/code/electron-utility/sharedProcess/sharedProcessMain.js:74:63734)
2026-01-08 02:18:54.765 [error] Error: Unable to read file '/home/elbulbol/.vscode/extensions/dart-code.dart-code-3.126.0/package.json' (Error: Unable to resolve nonexistent file '/home/elbulbol/.vscode/extensions/dart-code.dart-code-3.126.0/package.json')
    at Kh.G (file:///opt/visual-studio-code/resources/app/out/vs/code/electron-utility/sharedProcess/sharedProcessMain.js:74:90033)
    at Kh.F (file:///opt/visual-studio-code/resources/app/out/vs/code/electron-utility/sharedProcess/sharedProcessMain.js:74:89858)
    at async Kh.C (file:///opt/visual-studio-code/resources/app/out/vs/code/electron-utility/sharedProcess/sharedProcessMain.js:74:89230)
    at async $a.t (file:///opt/visual-studio-code/resources/app/out/vs/code/electron-utility/sharedProcess/sharedProcessMain.js:74:46040)
    at async $a.scanExtension (file:///opt/visual-studio-code/resources/app/out/vs/code/electron-utility/sharedProcess/sharedProcessMain.js:74:44547)
    at async Promise.all (index 1)
    at async $a.q (file:///opt/visual-studio-code/resources/app/out/vs/code/electron-utility/sharedProcess/sharedProcessMain.js:74:42973)
    at async yf.scanAllUserExtensions (file:///opt/visual-studio-code/resources/app/out/vs/code/electron-utility/sharedProcess/sharedProcessMain.js:74:35833)
    at async Wh.scanAllUserExtensions (file:///opt/visual-studio-code/resources/app/out/vs/code/electron-utility/sharedProcess/sharedProcessMain.js:74:69931)
    at async t7.H (file:///opt/visual-studio-code/resources/app/out/vs/code/electron-utility/sharedProcess/sharedProcessMain.js:74:59745)
    at async t7.r (file:///opt/visual-studio-code/resources/app/out/vs/code/electron-utility/sharedProcess/sharedProcessMain.js:74:57640)
