2026-01-08 19:12:39.581 [info] Reading sessions from keychain...
2026-01-08 19:12:39.581 [info] Getting sessions for all scopes...
2026-01-08 19:12:39.581 [info] Got 0 sessions for ...
2026-01-08 19:12:39.581 [info] Getting sessions for all scopes...
2026-01-08 19:12:39.581 [info] Got 0 sessions for ...
2026-01-08 19:12:39.581 [info] Getting sessions for all scopes...
2026-01-08 19:12:39.581 [info] Got 0 sessions for ...
2026-01-08 19:12:39.581 [info] Getting sessions for all scopes...
2026-01-08 19:12:39.581 [info] Got 0 sessions for ...
2026-01-08 19:12:39.581 [info] Getting sessions for all scopes...
2026-01-08 19:12:39.581 [info] Got 0 sessions for ...
2026-01-08 19:12:39.581 [info] Getting sessions for all scopes...
2026-01-08 19:12:39.581 [info] Got 0 sessions for ...
2026-01-08 19:12:39.581 [info] Getting sessions for all scopes...
2026-01-08 19:12:39.581 [info] Got 0 sessions for ...
2026-01-08 19:12:39.581 [info] Getting sessions for all scopes...
2026-01-08 19:12:39.581 [info] Got 0 sessions for ...
2026-01-08 19:12:39.581 [info] Getting sessions for all scopes...
2026-01-08 19:12:39.581 [info] Got 0 sessions for ...
2026-01-08 19:12:39.581 [info] Getting sessions for all scopes...
2026-01-08 19:12:39.581 [info] Got 0 sessions for ...
2026-01-08 19:12:39.621 [info] Getting sessions for all scopes...
2026-01-08 19:12:39.621 [info] Got 0 sessions for ...
2026-01-08 19:12:39.622 [info] Getting sessions for all scopes...
2026-01-08 19:12:39.622 [info] Got 0 sessions for ...
2026-01-08 19:12:39.622 [info] Getting sessions for all scopes...
2026-01-08 19:12:39.622 [info] Got 0 sessions for ...
2026-01-08 19:12:39.622 [info] Getting sessions for all scopes...
2026-01-08 19:12:39.622 [info] Got 0 sessions for ...
2026-01-08 19:12:39.622 [info] Getting sessions for all scopes...
2026-01-08 19:12:39.622 [info] Got 0 sessions for ...
2026-01-08 19:12:39.622 [info] Getting sessions for all scopes...
2026-01-08 19:12:39.622 [info] Got 0 sessions for ...
2026-01-08 19:12:41.982 [info] Getting sessions for all scopes...
2026-01-08 19:12:41.982 [info] Got 0 sessions for ...
2026-01-08 19:12:59.910 [info] Getting sessions for user:email...
2026-01-08 19:12:59.910 [info] Got 0 sessions for user:email...
2026-01-08 19:13:00.911 [info] Logging in with 'any' account...
2026-01-08 19:13:00.911 [info] Logging in for the following scopes: user:email
2026-01-08 19:13:00.937 [info] Trying with local server... (user:email)
2026-01-08 19:13:53.424 [info] Exchanging code for token...
2026-01-08 19:13:53.850 [info] Token exchange success!
2026-01-08 19:13:53.852 [info] Getting user info...
2026-01-08 19:13:54.417 [info] Got account info!
2026-01-08 19:13:54.418 [info] Storing 1 sessions...
2026-01-08 19:13:54.422 [info] Reading sessions from keychain...
2026-01-08 19:13:54.422 [info] Stored 1 sessions!
2026-01-08 19:13:54.422 [info] Login success!
2026-01-08 19:13:54.423 [info] Getting sessions for all scopes...
2026-01-08 19:13:54.426 [info] Got stored sessions!
2026-01-08 19:13:54.427 [info] Got 1 verified sessions.
2026-01-08 19:13:54.427 [info] Got 1 sessions for ...
2026-01-08 19:13:54.427 [info] Getting sessions for all scopes...
2026-01-08 19:13:54.427 [info] Got 1 sessions for ...
2026-01-08 19:13:54.427 [info] Getting sessions for user:email...
2026-01-08 19:13:54.427 [info] Got 1 sessions for user:email...
2026-01-08 19:13:54.428 [info] Getting sessions for all scopes...
2026-01-08 19:13:54.428 [info] Got 1 sessions for ...
2026-01-08 19:13:54.893 [info] FetcherService: Electron fetch failed with status: 429 
2026-01-08 19:13:55.392 [info] FetcherService: Node fetch failed with status: 429 Too Many Requests
2026-01-08 19:13:55.898 [info] FetcherService: Node http/s failed with status: 429 Too Many Requests
2026-01-08 19:14:35.516 [info] Getting sessions for all scopes...
2026-01-08 19:14:35.516 [info] Got 1 sessions for ...
2026-01-08 19:14:35.516 [info] Getting sessions for all scopes...
2026-01-08 19:14:35.516 [info] Got 1 sessions for ...
2026-01-08 19:14:35.522 [info] Getting sessions for read:user,repo,user:email,workflow...
2026-01-08 19:14:35.522 [info] Got 0 sessions for read:user,repo,user:email,workflow...
2026-01-08 19:14:35.529 [info] Getting sessions for user:email...
2026-01-08 19:14:35.529 [info] Got 1 sessions for user:email...
2026-01-08 19:14:35.529 [info] Getting sessions for read:user,repo,user:email,workflow...
2026-01-08 19:14:35.529 [info] Got 0 sessions for read:user,repo,user:email,workflow...
2026-01-08 19:14:35.531 [info] Getting sessions for all scopes...
2026-01-08 19:14:35.531 [info] Got 1 sessions for ...
2026-01-08 19:14:35.531 [info] Getting sessions for read:user,repo,user:email,workflow...
2026-01-08 19:14:35.531 [info] Got 0 sessions for read:user,repo,user:email,workflow...
2026-01-08 19:14:35.531 [info] Getting sessions for user:email...
2026-01-08 19:14:35.531 [info] Got 1 sessions for user:email...
2026-01-08 19:14:35.896 [info] Getting sessions for all scopes...
2026-01-08 19:14:35.896 [info] Got 1 sessions for ...
2026-01-08 19:14:35.896 [info] Getting sessions for all scopes...
2026-01-08 19:14:35.896 [info] Got 1 sessions for ...
2026-01-08 19:14:35.897 [info] Getting sessions for read:user,repo,user:email,workflow...
2026-01-08 19:14:35.897 [info] Got 0 sessions for read:user,repo,user:email,workflow...
2026-01-08 19:14:35.898 [info] Getting sessions for user:email...
2026-01-08 19:14:35.898 [info] Got 1 sessions for user:email...
2026-01-08 19:14:35.899 [info] Getting sessions for read:user,repo,user:email,workflow...
2026-01-08 19:14:35.899 [info] Got 0 sessions for read:user,repo,user:email,workflow...
2026-01-08 19:14:36.252 [info] Getting sessions for all scopes...
2026-01-08 19:14:36.252 [info] Got 1 sessions for ...
2026-01-08 19:14:36.252 [info] Getting sessions for all scopes...
2026-01-08 19:14:36.252 [info] Got 1 sessions for ...
2026-01-08 19:14:36.266 [info] Getting sessions for read:user,repo,user:email,workflow...
2026-01-08 19:14:36.266 [info] Got 0 sessions for read:user,repo,user:email,workflow...
2026-01-08 19:14:36.266 [info] Getting sessions for user:email...
2026-01-08 19:14:36.266 [info] Got 1 sessions for user:email...
2026-01-08 19:14:36.266 [info] Getting sessions for read:user,repo,user:email,workflow...
2026-01-08 19:14:36.266 [info] Got 0 sessions for read:user,repo,user:email,workflow...
2026-01-08 19:14:36.319 [info] Getting sessions for all scopes...
2026-01-08 19:14:36.319 [info] Got 1 sessions for ...
2026-01-08 19:14:36.320 [info] Getting sessions for all scopes...
2026-01-08 19:14:36.320 [info] Got 1 sessions for ...
2026-01-08 19:14:36.324 [info] Getting sessions for all scopes...
2026-01-08 19:14:36.324 [info] Got 1 sessions for ...
2026-01-08 19:14:36.325 [info] Getting sessions for all scopes...
2026-01-08 19:14:36.325 [info] Got 1 sessions for ...
2026-01-08 19:14:36.438 [info] Getting sessions for read:user,repo,user:email,workflow...
2026-01-08 19:14:36.438 [info] Got 0 sessions for read:user,repo,user:email,workflow...
2026-01-08 19:14:36.482 [info] Getting sessions for user:email...
2026-01-08 19:14:36.482 [info] Got 1 sessions for user:email...
2026-01-08 19:14:36.490 [info] Getting sessions for read:user,repo,user:email,workflow...
2026-01-08 19:14:36.490 [info] Got 0 sessions for read:user,repo,user:email,workflow...
2026-01-08 19:14:36.492 [info] Getting sessions for all scopes...
2026-01-08 19:14:36.492 [info] Got 1 sessions for ...
2026-01-08 19:14:36.493 [info] Getting sessions for read:user,repo,user:email,workflow...
2026-01-08 19:14:36.493 [info] Got 0 sessions for read:user,repo,user:email,workflow...
2026-01-08 19:14:36.493 [info] Getting sessions for user:email...
2026-01-08 19:14:36.493 [info] Got 1 sessions for user:email...
2026-01-08 19:14:37.636 [info] Getting sessions for all scopes...
2026-01-08 19:14:37.636 [info] Got 1 sessions for ...
2026-01-08 19:14:37.637 [info] Getting sessions for all scopes...
2026-01-08 19:14:37.637 [info] Got 1 sessions for ...
2026-01-08 19:14:43.728 [info] Getting sessions for all scopes...
2026-01-08 19:14:43.728 [info] Got 1 sessions for ...
2026-01-08 19:14:43.740 [info] Getting sessions for all scopes...
2026-01-08 19:14:43.740 [info] Got 1 sessions for ...
2026-01-08 19:14:43.928 [info] Getting sessions for all scopes...
2026-01-08 19:14:43.928 [info] Got 1 sessions for ...
2026-01-08 19:14:43.929 [info] Getting sessions for all scopes...
2026-01-08 19:14:43.929 [info] Got 1 sessions for ...
2026-01-08 19:14:45.223 [info] Getting sessions for all scopes...
2026-01-08 19:14:45.223 [info] Got 1 sessions for ...
2026-01-08 19:14:45.233 [info] Getting sessions for all scopes...
2026-01-08 19:14:45.233 [info] Got 1 sessions for ...
2026-01-08 19:14:45.412 [info] Getting sessions for all scopes...
2026-01-08 19:14:45.412 [info] Got 1 sessions for ...
2026-01-08 19:14:45.414 [info] Getting sessions for all scopes...
2026-01-08 19:14:45.414 [info] Got 1 sessions for ...
2026-01-08 19:35:43.311 [info] Getting sessions for all scopes...
2026-01-08 19:35:43.311 [info] Got 1 sessions for ...
2026-01-08 19:35:43.313 [info] Getting sessions for read:user,repo,user:email,workflow...
2026-01-08 19:35:43.313 [info] Got 0 sessions for read:user,repo,user:email,workflow...
2026-01-08 19:35:43.314 [info] Getting sessions for user:email...
2026-01-08 19:35:43.314 [info] Got 1 sessions for user:email...
2026-01-08 19:35:43.927 [info] Getting sessions for all scopes...
2026-01-08 19:35:43.927 [info] Got 1 sessions for ...
2026-01-08 19:35:43.927 [info] Getting sessions for all scopes...
2026-01-08 19:35:43.927 [info] Got 1 sessions for ...
2026-01-08 19:35:43.935 [info] Getting sessions for read:user,repo,user:email,workflow...
2026-01-08 19:35:43.935 [info] Got 0 sessions for read:user,repo,user:email,workflow...
2026-01-08 19:35:43.936 [info] Getting sessions for user:email...
2026-01-08 19:35:43.936 [info] Got 1 sessions for user:email...
2026-01-08 19:35:43.936 [info] Getting sessions for read:user,repo,user:email,workflow...
2026-01-08 19:35:43.936 [info] Got 0 sessions for read:user,repo,user:email,workflow...
2026-01-08 19:35:43.940 [info] Getting sessions for all scopes...
2026-01-08 19:35:43.940 [info] Got 1 sessions for ...
2026-01-08 19:35:43.941 [info] Getting sessions for read:user,repo,user:email,workflow...
2026-01-08 19:35:43.941 [info] Got 0 sessions for read:user,repo,user:email,workflow...
2026-01-08 19:35:43.942 [info] Getting sessions for read:user,repo,user:email,workflow...
2026-01-08 19:35:43.942 [info] Got 0 sessions for read:user,repo,user:email,workflow...
2026-01-08 19:35:43.942 [info] Getting sessions for all scopes...
2026-01-08 19:35:43.942 [info] Got 1 sessions for ...
2026-01-08 19:35:43.943 [info] Getting sessions for read:user,repo,user:email,workflow...
2026-01-08 19:35:43.943 [info] Got 0 sessions for read:user,repo,user:email,workflow...
2026-01-08 19:35:43.943 [info] Getting sessions for user:email...
2026-01-08 19:35:43.943 [info] Got 1 sessions for user:email...
2026-01-08 19:36:17.688 [info] Getting sessions for all scopes...
2026-01-08 19:36:17.688 [info] Got 1 sessions for ...
2026-01-08 19:36:17.709 [info] Getting sessions for all scopes...
2026-01-08 19:36:17.709 [info] Got 1 sessions for ...
2026-01-08 19:36:18.808 [info] Getting sessions for all scopes...
2026-01-08 19:36:18.808 [info] Got 1 sessions for ...
2026-01-08 19:36:18.819 [info] Getting sessions for all scopes...
2026-01-08 19:36:18.819 [info] Got 1 sessions for ...
2026-01-08 19:36:19.066 [info] Getting sessions for all scopes...
2026-01-08 19:36:19.066 [info] Got 1 sessions for ...
2026-01-08 19:36:19.068 [info] Getting sessions for all scopes...
2026-01-08 19:36:19.068 [info] Got 1 sessions for ...
